<?xml version="1.0" encoding="UTF-8"?>
<!-- Generated by org.testng.reporters.JUnitXMLReporter -->
<testsuite hostname="DESKTOP-8SKO70U" ignored="0" name="Default test" tests="3" failures="0" timestamp="03 Feb 2019 07:45:38 GMT" time="70.581" errors="0">
  <testcase name="autoComplete" time="4.249" classname="threeStepsProcess.SimpleTest"/>
  <testcase name="dropDownMenu" time="1.061" classname="threeStepsProcess.SimpleTest"/>
  <testcase name="fileupload" time="10.845" classname="threeStepsProcess.SimpleTest"/>
</testsuite> <!-- Default test -->
