<?xml version="1.0" encoding="UTF-8"?>
<!-- Generated by org.testng.reporters.JUnitXMLReporter -->
<testsuite hostname="DESKTOP-8SKO70U" ignored="0" name="diff features of testng" tests="5" failures="1" timestamp="04 Feb 2019 10:11:47 GMT" time="87.089" errors="0">
  <testcase name="titleValidationTest1" time="0.147" classname="Assertion.ValidationUsingAssert"/>
  <testcase name="autoComplete" time="2.518" classname="threeStepsProcess.SimpleTest"/>
  <testcase name="titleValidationTest2" time="0.179" classname="Assertion.ValidationUsingAssert">
    <failure type="java.lang.AssertionError" message="The expected title did not found expected [Formy123] but found [Formy]">
      <![CDATA[java.lang.AssertionError: The expected title did not found expected [Formy123] but found [Formy]
at Assertion.ValidationUsingAssert.titleValidationTest2(ValidationUsingAssert.java:47)
... Removed 30 stack frames]]>
    </failure>
  </testcase> <!-- titleValidationTest2 -->
  <testcase name="dropDownMenu" time="1.126" classname="threeStepsProcess.SimpleTest"/>
  <testcase name="fileupload" time="11.069" classname="threeStepsProcess.SimpleTest"/>
</testsuite> <!-- diff features of testng -->
