<?xml version="1.0" encoding="UTF-8"?>
<testng-results skipped="0" failed="0" ignored="0" total="1" passed="1">
  <reporter-output>
  </reporter-output>
  <suite name="Default suite" duration-ms="25487" started-at="2019-03-17T10:06:05Z" finished-at="2019-03-17T10:06:31Z">
    <groups>
    </groups>
    <test name="Default test" duration-ms="25487" started-at="2019-03-17T10:06:05Z" finished-at="2019-03-17T10:06:31Z">
      <class name="test.TestWithFactory">
        <test-method status="PASS" signature="verifylogin()[pri:0, instance:test.TestWithFactory@59906517]" name="verifylogin" duration-ms="25401" started-at="2019-03-17T10:06:05Z" finished-at="2019-03-17T10:06:31Z">
          <reporter-output>
          </reporter-output>
        </test-method> <!-- verifylogin -->
      </class> <!-- test.TestWithFactory -->
    </test> <!-- Default test -->
  </suite> <!-- Default suite -->
</testng-results>
